<?xml version="1.0" encoding="UTF-8"?>
<testsuite xmlns:xsi="http://www.w3.org/2001/XMLSchema-instance" xsi:noNamespaceSchemaLocation="https://maven.apache.org/surefire/maven-surefire-plugin/xsd/surefire-test-report.xsd" name="RadioTest" time="0.088" tests="18" errors="0" skipped="0" failures="0">
  <properties>
[...]
</properties>
  <testcase name="shouldSetNewNumber" classname="RadioTest" time="0.042"/>
  <testcase name="shouldSetNewVolume" classname="RadioTest" time="0"/>
  <testcase name="shouldIncreaseNumberByOne" classname="RadioTest" time="0"/>
  <testcase name="shouldDecreaseNumberByOne" classname="RadioTest" time="0.001"/>
  <testcase name="shouldNotSetVolumeLessThanZero" classname="RadioTest" time="0"/>
  <testcase name="shouldNotSetNumberLessThanZero" classname="RadioTest" time="0"/>
  <testcase name="shouldNotSetNumberAboveNine" classname="RadioTest" time="0"/>
  <testcase name="shouldNothingToDoWithHundred" classname="RadioTest" time="0.001"/>
  <testcase name="shouldChangeZeroToNine" classname="RadioTest" time="0.001"/>
  <testcase name="shouldSetVolumeHundred" classname="RadioTest" time="0"/>
  <testcase name="shouldNotSetVolumeAboveHundred" classname="RadioTest" time="0.001"/>
  <testcase name="shouldSetNumbNine" classname="RadioTest" time="0"/>
  <testcase name="shouldSetNumbZero" classname="RadioTest" time="0"/>
  <testcase name="shouldChangeNineToZero" classname="RadioTest" time="0"/>
  <testcase name="shouldNothingToDoWithZero" classname="RadioTest" time="0.002"/>
  <testcase name="shouldIncreaseVolumeByOne" classname="RadioTest" time="0.002"/>
  <testcase name="shouldSetVolumeZero" classname="RadioTest" time="0.001"/>
  <testcase name="shouldDecreaseVolumeByOne" classname="RadioTest" time="0"/>
</testsuite>